<?xml version="1.0" encoding="UTF-8"?>
<!-- Generated by org.testng.reporters.JUnitReportReporter -->
<testsuite skipped="0" hostname="DESKTOP-EM9FOIH" name="tests.login_Page_Test.Login_Page_Test" tests="2" failures="0" timestamp="25 Mar 2018 20:09:34 GMT" time="11.015" errors="0">
  <testcase name="successfullLoginWithParameters" time="5.928" classname="tests.login_Page_Test.Login_Page_Test"/>
  <testcase name="successfullLoginWithDataProvider" time="5.087" classname="tests.login_Page_Test.Login_Page_Test"/>
</testsuite> <!-- tests.login_Page_Test.Login_Page_Test -->
