<?xml version="1.0" encoding="UTF-8"?>
<!-- Generated by org.testng.reporters.JUnitReportReporter -->
<testsuite skipped="0" hostname="DESKTOP-EM9FOIH" name="tests.login_Page_Test.Login_Page_Test" tests="1" failures="0" timestamp="19 Mar 2018 17:15:20 GMT" time="51.461" errors="0">
  <testcase name="successfullLogin" time="51.461" classname="tests.login_Page_Test.Login_Page_Test"/>
</testsuite> <!-- tests.login_Page_Test.Login_Page_Test -->
