<?xml version="1.0" encoding="UTF-8"?>
<!-- Generated by org.testng.reporters.JUnitReportReporter -->
<testsuite skipped="0" hostname="DESKTOP-EM9FOIH" name="tests.login_Page_Test.Login_Page_Test" tests="4" failures="0" timestamp="20 Mar 2018 19:02:38 GMT" time="27.635" errors="0">
  <testcase name="successfullLogin" time="9.298" classname="tests.login_Page_Test.Login_Page_Test"/>
  <testcase name="unsuccessfullLoginInvalidUserName" time="7.644" classname="tests.login_Page_Test.Login_Page_Test"/>
  <testcase name="unsuccessfullLoginInvalidPassword" time="5.361" classname="tests.login_Page_Test.Login_Page_Test"/>
  <testcase name="unsuccessfullLoginInvalidUserNameAndPassword" time="5.332" classname="tests.login_Page_Test.Login_Page_Test"/>
</testsuite> <!-- tests.login_Page_Test.Login_Page_Test -->
