<?xml version="1.0" encoding="UTF-8"?>
<!-- Generated by org.testng.reporters.JUnitReportReporter -->
<testsuite skipped="0" hostname="DESKTOP-EM9FOIH" name="tests.login_Page_Test.Login_Page_Test" tests="1" failures="0" timestamp="15 Mar 2018 20:25:39 GMT" time="3.079" errors="0">
  <testcase name="successfullLogin" time="3.079" classname="tests.login_Page_Test.Login_Page_Test"/>
</testsuite> <!-- tests.login_Page_Test.Login_Page_Test -->
